<?xml version="1.0" encoding="UTF-8"?>
<!-- Generated by org.testng.reporters.JUnitXMLReporter -->
<testsuite ignored="2" hostname="MA-HRJ2QG3" failures="0" tests="2" name="AlarmDealerTests" time="15.761" errors="0" timestamp="2025-11-27T00:32:44 IST">
  <testcase classname="testCases.AlarmDealerFindCustomerTest" name="FindCustomer" time="8.222"/>
  <testcase classname="testCases.AlarmDealerCommandCatalogTest" name="CommandCatalog" time="7.475"/>
  <testcase classname="testCases.BaseClassAlarmTest" name="@BeforeSuite setUp" time="0.0">
    <ignored/>
  </testcase> <!-- @BeforeSuite setUp -->
  <testcase classname="testCases.BaseClassAlarmTest" name="@AfterSuite tear" time="0.0">
    <ignored/>
  </testcase> <!-- @AfterSuite tear -->
</testsuite> <!-- AlarmDealerTests -->
