<?xml version="1.0" encoding="UTF-8"?>
<!-- Generated by org.testng.reporters.JUnitXMLReporter -->
<testsuite ignored="0" hostname="MA-HRJ2QG3" failures="1" tests="1" name="AlarmDealerTest" time="5.021" errors="0" timestamp="2025-11-25T23:54:12 IST">
  <testcase classname="testCases.AlarmDealerCommandCatalogTest" name="CommandCatalog" time="5.014">
    <failure type="java.lang.IllegalArgumentException" message="Input must be set">
      <![CDATA[java.lang.IllegalArgumentException: Input must be set
at org.openqa.selenium.internal.Require.nonNull(Require.java:60)
at org.openqa.selenium.support.ui.FluentWait.<init>(FluentWait.java:93)
at org.openqa.selenium.support.ui.WebDriverWait.<init>(WebDriverWait.java:74)
at org.openqa.selenium.support.ui.WebDriverWait.<init>(WebDriverWait.java:43)
at com.Utilities.WaitHelper.<init>(WaitHelper.java:15)
at pageObjects.AlarmDealerCommandCatalogTestPage.<init>(AlarmDealerCommandCatalogTestPage.java:20)
at testCases.AlarmDealerCommandCatalogTest.CommandCatalog(AlarmDealerCommandCatalogTest.java:21)
at java.base/java.util.ArrayList.forEach(ArrayList.java:1596)
... Removed 25 stack frames]]>
    </failure>
  </testcase> <!-- CommandCatalog -->
</testsuite> <!-- AlarmDealerTest -->
